INFO - 2024-05-29 11:53:56 --> Session: Class initialized using 'CodeIgniter\Session\Handlers\FileHandler' driver.
INFO - 2024-05-29 11:54:00 --> Session: Class initialized using 'CodeIgniter\Session\Handlers\FileHandler' driver.
INFO - 2024-05-29 11:54:04 --> Session: Class initialized using 'CodeIgniter\Session\Handlers\FileHandler' driver.
INFO - 2024-05-29 11:54:04 --> Session: Class initialized using 'CodeIgniter\Session\Handlers\FileHandler' driver.
INFO - 2024-05-29 11:54:05 --> Session: Class initialized using 'CodeIgniter\Session\Handlers\FileHandler' driver.
INFO - 2024-05-29 11:54:06 --> Session: Class initialized using 'CodeIgniter\Session\Handlers\FileHandler' driver.
INFO - 2024-05-29 11:54:09 --> Session: Class initialized using 'CodeIgniter\Session\Handlers\FileHandler' driver.
CRITICAL - 2024-05-29 11:54:09 --> ErrorException: Trying to access array offset on value of type null
in APPPATH\Views\books\edit.php on line 8.
 1 APPPATH\Views\books\edit.php(8): CodeIgniter\Debug\Exceptions->errorHandler(2, 'Trying to access array offset on value of type null', 'C:\\Users\\LENOVO\\Pemweb-2.New\\project-root\\app\\Views\\books\\edit.php', 8)
 2 SYSTEMPATH\View\View.php(228): include('C:\\Users\\LENOVO\\Pemweb-2.New\\project-root\\app\\Views\\books\\edit.php')
 3 SYSTEMPATH\View\View.php(231): CodeIgniter\View\View->CodeIgniter\View\{closure}()
 4 SYSTEMPATH\Common.php(1178): CodeIgniter\View\View->render('books/edit', [], true)
 5 APPPATH\Controllers\Books.php(51): view('books/edit', [...])
 6 SYSTEMPATH\CodeIgniter.php(943): App\Controllers\Books->edit('highLightTitle.png')
 7 SYSTEMPATH\CodeIgniter.php(503): CodeIgniter\CodeIgniter->runController(Object(App\Controllers\Books))
 8 SYSTEMPATH\CodeIgniter.php(361): CodeIgniter\CodeIgniter->handleRequest(null, Object(Config\Cache), false)
 9 FCPATH\index.php(79): CodeIgniter\CodeIgniter->run()
10 SYSTEMPATH\Commands\Server\rewrite.php(47): require_once('C:\\Users\\LENOVO\\Pemweb-2.New\\project-root\\public\\index.php')
INFO - 2024-05-29 12:51:41 --> Session: Class initialized using 'CodeIgniter\Session\Handlers\FileHandler' driver.
INFO - 2024-05-29 12:51:43 --> Session: Class initialized using 'CodeIgniter\Session\Handlers\FileHandler' driver.
CRITICAL - 2024-05-29 12:51:43 --> ErrorException: Trying to access array offset on value of type null
in APPPATH\Views\books\edit.php on line 8.
 1 APPPATH\Views\books\edit.php(8): CodeIgniter\Debug\Exceptions->errorHandler(2, 'Trying to access array offset on value of type null', 'C:\\Users\\LENOVO\\Pemweb-2.New\\project-root\\app\\Views\\books\\edit.php', 8)
 2 SYSTEMPATH\View\View.php(228): include('C:\\Users\\LENOVO\\Pemweb-2.New\\project-root\\app\\Views\\books\\edit.php')
 3 SYSTEMPATH\View\View.php(231): CodeIgniter\View\View->CodeIgniter\View\{closure}()
 4 SYSTEMPATH\Common.php(1178): CodeIgniter\View\View->render('books/edit', [], true)
 5 APPPATH\Controllers\Books.php(51): view('books/edit', [...])
 6 SYSTEMPATH\CodeIgniter.php(943): App\Controllers\Books->edit('highLightTitle.png')
 7 SYSTEMPATH\CodeIgniter.php(503): CodeIgniter\CodeIgniter->runController(Object(App\Controllers\Books))
 8 SYSTEMPATH\CodeIgniter.php(361): CodeIgniter\CodeIgniter->handleRequest(null, Object(Config\Cache), false)
 9 FCPATH\index.php(79): CodeIgniter\CodeIgniter->run()
10 SYSTEMPATH\Commands\Server\rewrite.php(47): require_once('C:\\Users\\LENOVO\\Pemweb-2.New\\project-root\\public\\index.php')
INFO - 2024-05-29 13:11:05 --> Session: Class initialized using 'CodeIgniter\Session\Handlers\FileHandler' driver.
INFO - 2024-05-29 13:11:09 --> Session: Class initialized using 'CodeIgniter\Session\Handlers\FileHandler' driver.
CRITICAL - 2024-05-29 13:11:09 --> ErrorException: Trying to access array offset on value of type null
in APPPATH\Views\books\edit.php on line 8.
 1 APPPATH\Views\books\edit.php(8): CodeIgniter\Debug\Exceptions->errorHandler(2, 'Trying to access array offset on value of type null', 'C:\\Users\\LENOVO\\Pemweb-2.New\\project-root\\app\\Views\\books\\edit.php', 8)
 2 SYSTEMPATH\View\View.php(228): include('C:\\Users\\LENOVO\\Pemweb-2.New\\project-root\\app\\Views\\books\\edit.php')
 3 SYSTEMPATH\View\View.php(231): CodeIgniter\View\View->CodeIgniter\View\{closure}()
 4 SYSTEMPATH\Common.php(1178): CodeIgniter\View\View->render('books/edit', [], true)
 5 APPPATH\Controllers\Books.php(51): view('books/edit', [...])
 6 SYSTEMPATH\CodeIgniter.php(943): App\Controllers\Books->edit('highLightTitle.png')
 7 SYSTEMPATH\CodeIgniter.php(503): CodeIgniter\CodeIgniter->runController(Object(App\Controllers\Books))
 8 SYSTEMPATH\CodeIgniter.php(361): CodeIgniter\CodeIgniter->handleRequest(null, Object(Config\Cache), false)
 9 FCPATH\index.php(79): CodeIgniter\CodeIgniter->run()
10 SYSTEMPATH\Commands\Server\rewrite.php(47): require_once('C:\\Users\\LENOVO\\Pemweb-2.New\\project-root\\public\\index.php')
INFO - 2024-05-29 13:12:21 --> Session: Class initialized using 'CodeIgniter\Session\Handlers\FileHandler' driver.
INFO - 2024-05-29 13:12:21 --> Session: Class initialized using 'CodeIgniter\Session\Handlers\FileHandler' driver.
INFO - 2024-05-29 13:12:23 --> Session: Class initialized using 'CodeIgniter\Session\Handlers\FileHandler' driver.
INFO - 2024-05-29 13:12:24 --> Session: Class initialized using 'CodeIgniter\Session\Handlers\FileHandler' driver.
CRITICAL - 2024-05-29 13:12:24 --> ErrorException: Trying to access array offset on value of type null
in APPPATH\Views\books\edit.php on line 8.
 1 APPPATH\Views\books\edit.php(8): CodeIgniter\Debug\Exceptions->errorHandler(2, 'Trying to access array offset on value of type null', 'C:\\Users\\LENOVO\\Pemweb-2.New\\project-root\\app\\Views\\books\\edit.php', 8)
 2 SYSTEMPATH\View\View.php(228): include('C:\\Users\\LENOVO\\Pemweb-2.New\\project-root\\app\\Views\\books\\edit.php')
 3 SYSTEMPATH\View\View.php(231): CodeIgniter\View\View->CodeIgniter\View\{closure}()
 4 SYSTEMPATH\Common.php(1178): CodeIgniter\View\View->render('books/edit', [], true)
 5 APPPATH\Controllers\Books.php(51): view('books/edit', [...])
 6 SYSTEMPATH\CodeIgniter.php(943): App\Controllers\Books->edit('highLightTitle.png')
 7 SYSTEMPATH\CodeIgniter.php(503): CodeIgniter\CodeIgniter->runController(Object(App\Controllers\Books))
 8 SYSTEMPATH\CodeIgniter.php(361): CodeIgniter\CodeIgniter->handleRequest(null, Object(Config\Cache), false)
 9 FCPATH\index.php(79): CodeIgniter\CodeIgniter->run()
10 SYSTEMPATH\Commands\Server\rewrite.php(47): require_once('C:\\Users\\LENOVO\\Pemweb-2.New\\project-root\\public\\index.php')
INFO - 2024-05-29 13:26:58 --> Session: Class initialized using 'CodeIgniter\Session\Handlers\FileHandler' driver.
INFO - 2024-05-29 13:27:02 --> Session: Class initialized using 'CodeIgniter\Session\Handlers\FileHandler' driver.
INFO - 2024-05-29 13:27:03 --> Session: Class initialized using 'CodeIgniter\Session\Handlers\FileHandler' driver.
INFO - 2024-05-29 13:27:05 --> Session: Class initialized using 'CodeIgniter\Session\Handlers\FileHandler' driver.
INFO - 2024-05-29 13:27:06 --> Session: Class initialized using 'CodeIgniter\Session\Handlers\FileHandler' driver.
INFO - 2024-05-29 13:27:07 --> Session: Class initialized using 'CodeIgniter\Session\Handlers\FileHandler' driver.
INFO - 2024-05-29 13:27:09 --> Session: Class initialized using 'CodeIgniter\Session\Handlers\FileHandler' driver.
CRITICAL - 2024-05-29 13:27:09 --> ErrorException: Trying to access array offset on value of type null
in APPPATH\Views\books\edit.php on line 8.
 1 APPPATH\Views\books\edit.php(8): CodeIgniter\Debug\Exceptions->errorHandler(2, 'Trying to access array offset on value of type null', 'C:\\Users\\LENOVO\\Pemweb-2.New\\project-root\\app\\Views\\books\\edit.php', 8)
 2 SYSTEMPATH\View\View.php(228): include('C:\\Users\\LENOVO\\Pemweb-2.New\\project-root\\app\\Views\\books\\edit.php')
 3 SYSTEMPATH\View\View.php(231): CodeIgniter\View\View->CodeIgniter\View\{closure}()
 4 SYSTEMPATH\Common.php(1178): CodeIgniter\View\View->render('books/edit', [], true)
 5 APPPATH\Controllers\Books.php(51): view('books/edit', [...])
 6 SYSTEMPATH\CodeIgniter.php(943): App\Controllers\Books->edit('highLightTitle.png')
 7 SYSTEMPATH\CodeIgniter.php(503): CodeIgniter\CodeIgniter->runController(Object(App\Controllers\Books))
 8 SYSTEMPATH\CodeIgniter.php(361): CodeIgniter\CodeIgniter->handleRequest(null, Object(Config\Cache), false)
 9 FCPATH\index.php(79): CodeIgniter\CodeIgniter->run()
10 SYSTEMPATH\Commands\Server\rewrite.php(47): require_once('C:\\Users\\LENOVO\\Pemweb-2.New\\project-root\\public\\index.php')
INFO - 2024-05-29 13:28:03 --> CSRF token verified.
INFO - 2024-05-29 13:28:03 --> Session: Class initialized using 'CodeIgniter\Session\Handlers\FileHandler' driver.
INFO - 2024-05-29 13:28:04 --> Session: Class initialized using 'CodeIgniter\Session\Handlers\FileHandler' driver.
INFO - 2024-05-29 13:28:07 --> Session: Class initialized using 'CodeIgniter\Session\Handlers\FileHandler' driver.
INFO - 2024-05-29 13:28:08 --> Session: Class initialized using 'CodeIgniter\Session\Handlers\FileHandler' driver.
INFO - 2024-05-29 13:28:09 --> Session: Class initialized using 'CodeIgniter\Session\Handlers\FileHandler' driver.
INFO - 2024-05-29 13:28:11 --> Session: Class initialized using 'CodeIgniter\Session\Handlers\FileHandler' driver.
CRITICAL - 2024-05-29 13:28:11 --> ErrorException: Trying to access array offset on value of type null
in APPPATH\Views\books\edit.php on line 8.
 1 APPPATH\Views\books\edit.php(8): CodeIgniter\Debug\Exceptions->errorHandler(2, 'Trying to access array offset on value of type null', 'C:\\Users\\LENOVO\\Pemweb-2.New\\project-root\\app\\Views\\books\\edit.php', 8)
 2 SYSTEMPATH\View\View.php(228): include('C:\\Users\\LENOVO\\Pemweb-2.New\\project-root\\app\\Views\\books\\edit.php')
 3 SYSTEMPATH\View\View.php(231): CodeIgniter\View\View->CodeIgniter\View\{closure}()
 4 SYSTEMPATH\Common.php(1178): CodeIgniter\View\View->render('books/edit', [], true)
 5 APPPATH\Controllers\Books.php(51): view('books/edit', [...])
 6 SYSTEMPATH\CodeIgniter.php(943): App\Controllers\Books->edit('highLightTitle.png')
 7 SYSTEMPATH\CodeIgniter.php(503): CodeIgniter\CodeIgniter->runController(Object(App\Controllers\Books))
 8 SYSTEMPATH\CodeIgniter.php(361): CodeIgniter\CodeIgniter->handleRequest(null, Object(Config\Cache), false)
 9 FCPATH\index.php(79): CodeIgniter\CodeIgniter->run()
10 SYSTEMPATH\Commands\Server\rewrite.php(47): require_once('C:\\Users\\LENOVO\\Pemweb-2.New\\project-root\\public\\index.php')
INFO - 2024-05-29 13:30:28 --> Session: Class initialized using 'CodeIgniter\Session\Handlers\FileHandler' driver.
INFO - 2024-05-29 13:30:29 --> Session: Class initialized using 'CodeIgniter\Session\Handlers\FileHandler' driver.
CRITICAL - 2024-05-29 13:30:29 --> ErrorException: Trying to access array offset on value of type null
in APPPATH\Views\books\edit.php on line 8.
 1 APPPATH\Views\books\edit.php(8): CodeIgniter\Debug\Exceptions->errorHandler(2, 'Trying to access array offset on value of type null', 'C:\\Users\\LENOVO\\Pemweb-2.New\\project-root\\app\\Views\\books\\edit.php', 8)
 2 SYSTEMPATH\View\View.php(228): include('C:\\Users\\LENOVO\\Pemweb-2.New\\project-root\\app\\Views\\books\\edit.php')
 3 SYSTEMPATH\View\View.php(231): CodeIgniter\View\View->CodeIgniter\View\{closure}()
 4 SYSTEMPATH\Common.php(1178): CodeIgniter\View\View->render('books/edit', [], true)
 5 APPPATH\Controllers\Books.php(51): view('books/edit', [...])
 6 SYSTEMPATH\CodeIgniter.php(943): App\Controllers\Books->edit('highLightTitle.png')
 7 SYSTEMPATH\CodeIgniter.php(503): CodeIgniter\CodeIgniter->runController(Object(App\Controllers\Books))
 8 SYSTEMPATH\CodeIgniter.php(361): CodeIgniter\CodeIgniter->handleRequest(null, Object(Config\Cache), false)
 9 FCPATH\index.php(79): CodeIgniter\CodeIgniter->run()
10 SYSTEMPATH\Commands\Server\rewrite.php(47): require_once('C:\\Users\\LENOVO\\Pemweb-2.New\\project-root\\public\\index.php')
INFO - 2024-05-29 13:32:33 --> Session: Class initialized using 'CodeIgniter\Session\Handlers\FileHandler' driver.
INFO - 2024-05-29 13:32:33 --> Session: Class initialized using 'CodeIgniter\Session\Handlers\FileHandler' driver.
INFO - 2024-05-29 13:32:34 --> Session: Class initialized using 'CodeIgniter\Session\Handlers\FileHandler' driver.
CRITICAL - 2024-05-29 13:32:34 --> ErrorException: Undefined variable $buku
in APPPATH\Views\books\create.php on line 23.
 1 APPPATH\Views\books\create.php(23): CodeIgniter\Debug\Exceptions->errorHandler(2, 'Undefined variable $buku', 'C:\\Users\\LENOVO\\Pemweb-2.New\\project-root\\app\\Views\\books\\create.php', 23)
 2 SYSTEMPATH\View\View.php(228): include('C:\\Users\\LENOVO\\Pemweb-2.New\\project-root\\app\\Views\\books\\create.php')
 3 SYSTEMPATH\View\View.php(231): CodeIgniter\View\View->CodeIgniter\View\{closure}()
 4 SYSTEMPATH\Common.php(1178): CodeIgniter\View\View->render('books/create', [], true)
 5 APPPATH\Controllers\Books.php(62): view('books/create', [...])
 6 SYSTEMPATH\CodeIgniter.php(943): App\Controllers\Books->create()
 7 SYSTEMPATH\CodeIgniter.php(503): CodeIgniter\CodeIgniter->runController(Object(App\Controllers\Books))
 8 SYSTEMPATH\CodeIgniter.php(361): CodeIgniter\CodeIgniter->handleRequest(null, Object(Config\Cache), false)
 9 FCPATH\index.php(79): CodeIgniter\CodeIgniter->run()
10 SYSTEMPATH\Commands\Server\rewrite.php(47): require_once('C:\\Users\\LENOVO\\Pemweb-2.New\\project-root\\public\\index.php')
INFO - 2024-05-29 13:32:35 --> Session: Class initialized using 'CodeIgniter\Session\Handlers\FileHandler' driver.
INFO - 2024-05-29 13:34:13 --> Session: Class initialized using 'CodeIgniter\Session\Handlers\FileHandler' driver.
CRITICAL - 2024-05-29 13:34:13 --> ErrorException: Undefined variable $buku
in APPPATH\Views\books\create.php on line 13.
 1 APPPATH\Views\books\create.php(13): CodeIgniter\Debug\Exceptions->errorHandler(2, 'Undefined variable $buku', 'C:\\Users\\LENOVO\\Pemweb-2.New\\project-root\\app\\Views\\books\\create.php', 13)
 2 SYSTEMPATH\View\View.php(228): include('C:\\Users\\LENOVO\\Pemweb-2.New\\project-root\\app\\Views\\books\\create.php')
 3 SYSTEMPATH\View\View.php(231): CodeIgniter\View\View->CodeIgniter\View\{closure}()
 4 SYSTEMPATH\Common.php(1178): CodeIgniter\View\View->render('books/create', [], true)
 5 APPPATH\Controllers\Books.php(62): view('books/create', [...])
 6 SYSTEMPATH\CodeIgniter.php(943): App\Controllers\Books->create()
 7 SYSTEMPATH\CodeIgniter.php(503): CodeIgniter\CodeIgniter->runController(Object(App\Controllers\Books))
 8 SYSTEMPATH\CodeIgniter.php(361): CodeIgniter\CodeIgniter->handleRequest(null, Object(Config\Cache), false)
 9 FCPATH\index.php(79): CodeIgniter\CodeIgniter->run()
10 SYSTEMPATH\Commands\Server\rewrite.php(47): require_once('C:\\Users\\LENOVO\\Pemweb-2.New\\project-root\\public\\index.php')
INFO - 2024-05-29 13:34:13 --> Session: Class initialized using 'CodeIgniter\Session\Handlers\FileHandler' driver.
INFO - 2024-05-29 13:34:14 --> Session: Class initialized using 'CodeIgniter\Session\Handlers\FileHandler' driver.
CRITICAL - 2024-05-29 13:34:14 --> ErrorException: Undefined variable $buku
in APPPATH\Views\books\create.php on line 13.
 1 APPPATH\Views\books\create.php(13): CodeIgniter\Debug\Exceptions->errorHandler(2, 'Undefined variable $buku', 'C:\\Users\\LENOVO\\Pemweb-2.New\\project-root\\app\\Views\\books\\create.php', 13)
 2 SYSTEMPATH\View\View.php(228): include('C:\\Users\\LENOVO\\Pemweb-2.New\\project-root\\app\\Views\\books\\create.php')
 3 SYSTEMPATH\View\View.php(231): CodeIgniter\View\View->CodeIgniter\View\{closure}()
 4 SYSTEMPATH\Common.php(1178): CodeIgniter\View\View->render('books/create', [], true)
 5 APPPATH\Controllers\Books.php(62): view('books/create', [...])
 6 SYSTEMPATH\CodeIgniter.php(943): App\Controllers\Books->create()
 7 SYSTEMPATH\CodeIgniter.php(503): CodeIgniter\CodeIgniter->runController(Object(App\Controllers\Books))
 8 SYSTEMPATH\CodeIgniter.php(361): CodeIgniter\CodeIgniter->handleRequest(null, Object(Config\Cache), false)
 9 FCPATH\index.php(79): CodeIgniter\CodeIgniter->run()
10 SYSTEMPATH\Commands\Server\rewrite.php(47): require_once('C:\\Users\\LENOVO\\Pemweb-2.New\\project-root\\public\\index.php')
INFO - 2024-05-29 13:34:14 --> Session: Class initialized using 'CodeIgniter\Session\Handlers\FileHandler' driver.
INFO - 2024-05-29 13:36:16 --> Session: Class initialized using 'CodeIgniter\Session\Handlers\FileHandler' driver.
CRITICAL - 2024-05-29 13:36:17 --> ErrorException: Undefined variable $buku
in APPPATH\Views\books\create.php on line 33.
 1 APPPATH\Views\books\create.php(33): CodeIgniter\Debug\Exceptions->errorHandler(2, 'Undefined variable $buku', 'C:\\Users\\LENOVO\\Pemweb-2.New\\project-root\\app\\Views\\books\\create.php', 33)
 2 SYSTEMPATH\View\View.php(228): include('C:\\Users\\LENOVO\\Pemweb-2.New\\project-root\\app\\Views\\books\\create.php')
 3 SYSTEMPATH\View\View.php(231): CodeIgniter\View\View->CodeIgniter\View\{closure}()
 4 SYSTEMPATH\Common.php(1178): CodeIgniter\View\View->render('books/create', [], true)
 5 APPPATH\Controllers\Books.php(62): view('books/create', [...])
 6 SYSTEMPATH\CodeIgniter.php(943): App\Controllers\Books->create()
 7 SYSTEMPATH\CodeIgniter.php(503): CodeIgniter\CodeIgniter->runController(Object(App\Controllers\Books))
 8 SYSTEMPATH\CodeIgniter.php(361): CodeIgniter\CodeIgniter->handleRequest(null, Object(Config\Cache), false)
 9 FCPATH\index.php(79): CodeIgniter\CodeIgniter->run()
10 SYSTEMPATH\Commands\Server\rewrite.php(47): require_once('C:\\Users\\LENOVO\\Pemweb-2.New\\project-root\\public\\index.php')
INFO - 2024-05-29 13:36:17 --> Session: Class initialized using 'CodeIgniter\Session\Handlers\FileHandler' driver.
INFO - 2024-05-29 13:37:02 --> Session: Class initialized using 'CodeIgniter\Session\Handlers\FileHandler' driver.
INFO - 2024-05-29 13:37:03 --> Session: Class initialized using 'CodeIgniter\Session\Handlers\FileHandler' driver.
INFO - 2024-05-29 13:37:40 --> Session: Class initialized using 'CodeIgniter\Session\Handlers\FileHandler' driver.
INFO - 2024-05-29 13:37:42 --> Session: Class initialized using 'CodeIgniter\Session\Handlers\FileHandler' driver.
INFO - 2024-05-29 13:38:46 --> Session: Class initialized using 'CodeIgniter\Session\Handlers\FileHandler' driver.
INFO - 2024-05-29 13:38:47 --> Session: Class initialized using 'CodeIgniter\Session\Handlers\FileHandler' driver.
INFO - 2024-05-29 13:41:26 --> Session: Class initialized using 'CodeIgniter\Session\Handlers\FileHandler' driver.
INFO - 2024-05-29 13:41:29 --> Session: Class initialized using 'CodeIgniter\Session\Handlers\FileHandler' driver.
INFO - 2024-05-29 13:41:29 --> Session: Class initialized using 'CodeIgniter\Session\Handlers\FileHandler' driver.
INFO - 2024-05-29 13:41:31 --> Session: Class initialized using 'CodeIgniter\Session\Handlers\FileHandler' driver.
INFO - 2024-05-29 13:41:32 --> Session: Class initialized using 'CodeIgniter\Session\Handlers\FileHandler' driver.
INFO - 2024-05-29 13:41:33 --> Session: Class initialized using 'CodeIgniter\Session\Handlers\FileHandler' driver.
INFO - 2024-05-29 13:41:34 --> Session: Class initialized using 'CodeIgniter\Session\Handlers\FileHandler' driver.
CRITICAL - 2024-05-29 13:41:34 --> ErrorException: Trying to access array offset on value of type null
in APPPATH\Views\books\edit.php on line 8.
 1 APPPATH\Views\books\edit.php(8): CodeIgniter\Debug\Exceptions->errorHandler(2, 'Trying to access array offset on value of type null', 'C:\\Users\\LENOVO\\Pemweb-2.New\\project-root\\app\\Views\\books\\edit.php', 8)
 2 SYSTEMPATH\View\View.php(228): include('C:\\Users\\LENOVO\\Pemweb-2.New\\project-root\\app\\Views\\books\\edit.php')
 3 SYSTEMPATH\View\View.php(231): CodeIgniter\View\View->CodeIgniter\View\{closure}()
 4 SYSTEMPATH\Common.php(1178): CodeIgniter\View\View->render('books/edit', [], true)
 5 APPPATH\Controllers\Books.php(51): view('books/edit', [...])
 6 SYSTEMPATH\CodeIgniter.php(943): App\Controllers\Books->edit('highLightTitle.png')
 7 SYSTEMPATH\CodeIgniter.php(503): CodeIgniter\CodeIgniter->runController(Object(App\Controllers\Books))
 8 SYSTEMPATH\CodeIgniter.php(361): CodeIgniter\CodeIgniter->handleRequest(null, Object(Config\Cache), false)
 9 FCPATH\index.php(79): CodeIgniter\CodeIgniter->run()
10 SYSTEMPATH\Commands\Server\rewrite.php(47): require_once('C:\\Users\\LENOVO\\Pemweb-2.New\\project-root\\public\\index.php')
INFO - 2024-05-29 13:48:22 --> Session: Class initialized using 'CodeIgniter\Session\Handlers\FileHandler' driver.
INFO - 2024-05-29 13:48:23 --> Session: Class initialized using 'CodeIgniter\Session\Handlers\FileHandler' driver.
CRITICAL - 2024-05-29 13:48:23 --> ErrorException: Trying to access array offset on value of type null
in APPPATH\Views\books\edit.php on line 8.
 1 APPPATH\Views\books\edit.php(8): CodeIgniter\Debug\Exceptions->errorHandler(2, 'Trying to access array offset on value of type null', 'C:\\Users\\LENOVO\\Pemweb-2.New\\project-root\\app\\Views\\books\\edit.php', 8)
 2 SYSTEMPATH\View\View.php(228): include('C:\\Users\\LENOVO\\Pemweb-2.New\\project-root\\app\\Views\\books\\edit.php')
 3 SYSTEMPATH\View\View.php(231): CodeIgniter\View\View->CodeIgniter\View\{closure}()
 4 SYSTEMPATH\Common.php(1178): CodeIgniter\View\View->render('books/edit', [], true)
 5 APPPATH\Controllers\Books.php(51): view('books/edit', [...])
 6 SYSTEMPATH\CodeIgniter.php(943): App\Controllers\Books->edit('highLightTitle.png')
 7 SYSTEMPATH\CodeIgniter.php(503): CodeIgniter\CodeIgniter->runController(Object(App\Controllers\Books))
 8 SYSTEMPATH\CodeIgniter.php(361): CodeIgniter\CodeIgniter->handleRequest(null, Object(Config\Cache), false)
 9 FCPATH\index.php(79): CodeIgniter\CodeIgniter->run()
10 SYSTEMPATH\Commands\Server\rewrite.php(47): require_once('C:\\Users\\LENOVO\\Pemweb-2.New\\project-root\\public\\index.php')
INFO - 2024-05-29 13:49:07 --> Session: Class initialized using 'CodeIgniter\Session\Handlers\FileHandler' driver.
INFO - 2024-05-29 13:49:08 --> Session: Class initialized using 'CodeIgniter\Session\Handlers\FileHandler' driver.
INFO - 2024-05-29 13:49:09 --> Session: Class initialized using 'CodeIgniter\Session\Handlers\FileHandler' driver.
INFO - 2024-05-29 13:49:09 --> Session: Class initialized using 'CodeIgniter\Session\Handlers\FileHandler' driver.
INFO - 2024-05-29 13:49:11 --> Session: Class initialized using 'CodeIgniter\Session\Handlers\FileHandler' driver.
INFO - 2024-05-29 13:49:12 --> Session: Class initialized using 'CodeIgniter\Session\Handlers\FileHandler' driver.
INFO - 2024-05-29 13:49:13 --> Session: Class initialized using 'CodeIgniter\Session\Handlers\FileHandler' driver.
INFO - 2024-05-29 13:49:14 --> Session: Class initialized using 'CodeIgniter\Session\Handlers\FileHandler' driver.
CRITICAL - 2024-05-29 13:49:14 --> ErrorException: Trying to access array offset on value of type null
in APPPATH\Views\books\edit.php on line 8.
 1 APPPATH\Views\books\edit.php(8): CodeIgniter\Debug\Exceptions->errorHandler(2, 'Trying to access array offset on value of type null', 'C:\\Users\\LENOVO\\Pemweb-2.New\\project-root\\app\\Views\\books\\edit.php', 8)
 2 SYSTEMPATH\View\View.php(228): include('C:\\Users\\LENOVO\\Pemweb-2.New\\project-root\\app\\Views\\books\\edit.php')
 3 SYSTEMPATH\View\View.php(231): CodeIgniter\View\View->CodeIgniter\View\{closure}()
 4 SYSTEMPATH\Common.php(1178): CodeIgniter\View\View->render('books/edit', [], true)
 5 APPPATH\Controllers\Books.php(51): view('books/edit', [...])
 6 SYSTEMPATH\CodeIgniter.php(943): App\Controllers\Books->edit('highLightTitle.png')
 7 SYSTEMPATH\CodeIgniter.php(503): CodeIgniter\CodeIgniter->runController(Object(App\Controllers\Books))
 8 SYSTEMPATH\CodeIgniter.php(361): CodeIgniter\CodeIgniter->handleRequest(null, Object(Config\Cache), false)
 9 FCPATH\index.php(79): CodeIgniter\CodeIgniter->run()
10 SYSTEMPATH\Commands\Server\rewrite.php(47): require_once('C:\\Users\\LENOVO\\Pemweb-2.New\\project-root\\public\\index.php')
INFO - 2024-05-29 13:49:24 --> Session: Class initialized using 'CodeIgniter\Session\Handlers\FileHandler' driver.
INFO - 2024-05-29 13:49:25 --> Session: Class initialized using 'CodeIgniter\Session\Handlers\FileHandler' driver.
INFO - 2024-05-29 13:49:29 --> Session: Class initialized using 'CodeIgniter\Session\Handlers\FileHandler' driver.
INFO - 2024-05-29 13:49:30 --> Session: Class initialized using 'CodeIgniter\Session\Handlers\FileHandler' driver.
INFO - 2024-05-29 13:49:34 --> Session: Class initialized using 'CodeIgniter\Session\Handlers\FileHandler' driver.
INFO - 2024-05-29 13:49:35 --> Session: Class initialized using 'CodeIgniter\Session\Handlers\FileHandler' driver.
CRITICAL - 2024-05-29 13:49:35 --> ErrorException: Trying to access array offset on value of type null
in APPPATH\Views\books\edit.php on line 8.
 1 APPPATH\Views\books\edit.php(8): CodeIgniter\Debug\Exceptions->errorHandler(2, 'Trying to access array offset on value of type null', 'C:\\Users\\LENOVO\\Pemweb-2.New\\project-root\\app\\Views\\books\\edit.php', 8)
 2 SYSTEMPATH\View\View.php(228): include('C:\\Users\\LENOVO\\Pemweb-2.New\\project-root\\app\\Views\\books\\edit.php')
 3 SYSTEMPATH\View\View.php(231): CodeIgniter\View\View->CodeIgniter\View\{closure}()
 4 SYSTEMPATH\Common.php(1178): CodeIgniter\View\View->render('books/edit', [], true)
 5 APPPATH\Controllers\Books.php(51): view('books/edit', [...])
 6 SYSTEMPATH\CodeIgniter.php(943): App\Controllers\Books->edit('highLightTitle.png')
 7 SYSTEMPATH\CodeIgniter.php(503): CodeIgniter\CodeIgniter->runController(Object(App\Controllers\Books))
 8 SYSTEMPATH\CodeIgniter.php(361): CodeIgniter\CodeIgniter->handleRequest(null, Object(Config\Cache), false)
 9 FCPATH\index.php(79): CodeIgniter\CodeIgniter->run()
10 SYSTEMPATH\Commands\Server\rewrite.php(47): require_once('C:\\Users\\LENOVO\\Pemweb-2.New\\project-root\\public\\index.php')
INFO - 2024-05-29 13:56:17 --> Session: Class initialized using 'CodeIgniter\Session\Handlers\FileHandler' driver.
INFO - 2024-05-29 13:56:18 --> Session: Class initialized using 'CodeIgniter\Session\Handlers\FileHandler' driver.
CRITICAL - 2024-05-29 13:56:18 --> ErrorException: Trying to access array offset on value of type null
in APPPATH\Views\books\edit.php on line 8.
 1 APPPATH\Views\books\edit.php(8): CodeIgniter\Debug\Exceptions->errorHandler(2, 'Trying to access array offset on value of type null', 'C:\\Users\\LENOVO\\Pemweb-2.New\\project-root\\app\\Views\\books\\edit.php', 8)
 2 SYSTEMPATH\View\View.php(228): include('C:\\Users\\LENOVO\\Pemweb-2.New\\project-root\\app\\Views\\books\\edit.php')
 3 SYSTEMPATH\View\View.php(231): CodeIgniter\View\View->CodeIgniter\View\{closure}()
 4 SYSTEMPATH\Common.php(1178): CodeIgniter\View\View->render('books/edit', [], true)
 5 APPPATH\Controllers\Books.php(51): view('books/edit', [...])
 6 SYSTEMPATH\CodeIgniter.php(943): App\Controllers\Books->edit('highLightTitle.png')
 7 SYSTEMPATH\CodeIgniter.php(503): CodeIgniter\CodeIgniter->runController(Object(App\Controllers\Books))
 8 SYSTEMPATH\CodeIgniter.php(361): CodeIgniter\CodeIgniter->handleRequest(null, Object(Config\Cache), false)
 9 FCPATH\index.php(79): CodeIgniter\CodeIgniter->run()
10 SYSTEMPATH\Commands\Server\rewrite.php(47): require_once('C:\\Users\\LENOVO\\Pemweb-2.New\\project-root\\public\\index.php')
INFO - 2024-05-29 13:57:43 --> Session: Class initialized using 'CodeIgniter\Session\Handlers\FileHandler' driver.
INFO - 2024-05-29 13:57:44 --> Session: Class initialized using 'CodeIgniter\Session\Handlers\FileHandler' driver.
INFO - 2024-05-29 13:57:52 --> Session: Class initialized using 'CodeIgniter\Session\Handlers\FileHandler' driver.
INFO - 2024-05-29 13:57:54 --> Session: Class initialized using 'CodeIgniter\Session\Handlers\FileHandler' driver.
CRITICAL - 2024-05-29 13:57:54 --> ErrorException: Trying to access array offset on value of type null
in APPPATH\Views\books\edit.php on line 8.
 1 APPPATH\Views\books\edit.php(8): CodeIgniter\Debug\Exceptions->errorHandler(2, 'Trying to access array offset on value of type null', 'C:\\Users\\LENOVO\\Pemweb-2.New\\project-root\\app\\Views\\books\\edit.php', 8)
 2 SYSTEMPATH\View\View.php(228): include('C:\\Users\\LENOVO\\Pemweb-2.New\\project-root\\app\\Views\\books\\edit.php')
 3 SYSTEMPATH\View\View.php(231): CodeIgniter\View\View->CodeIgniter\View\{closure}()
 4 SYSTEMPATH\Common.php(1178): CodeIgniter\View\View->render('books/edit', [], true)
 5 APPPATH\Controllers\Books.php(51): view('books/edit', [...])
 6 SYSTEMPATH\CodeIgniter.php(943): App\Controllers\Books->edit('highLightTitle.png')
 7 SYSTEMPATH\CodeIgniter.php(503): CodeIgniter\CodeIgniter->runController(Object(App\Controllers\Books))
 8 SYSTEMPATH\CodeIgniter.php(361): CodeIgniter\CodeIgniter->handleRequest(null, Object(Config\Cache), false)
 9 FCPATH\index.php(79): CodeIgniter\CodeIgniter->run()
10 SYSTEMPATH\Commands\Server\rewrite.php(47): require_once('C:\\Users\\LENOVO\\Pemweb-2.New\\project-root\\public\\index.php')
INFO - 2024-05-29 14:24:04 --> Session: Class initialized using 'CodeIgniter\Session\Handlers\FileHandler' driver.
INFO - 2024-05-29 14:24:07 --> Session: Class initialized using 'CodeIgniter\Session\Handlers\FileHandler' driver.
CRITICAL - 2024-05-29 14:24:07 --> ErrorException: Trying to access array offset on value of type null
in APPPATH\Views\books\edit.php on line 8.
 1 APPPATH\Views\books\edit.php(8): CodeIgniter\Debug\Exceptions->errorHandler(2, 'Trying to access array offset on value of type null', 'C:\\Users\\LENOVO\\Pemweb-2.New\\project-root\\app\\Views\\books\\edit.php', 8)
 2 SYSTEMPATH\View\View.php(228): include('C:\\Users\\LENOVO\\Pemweb-2.New\\project-root\\app\\Views\\books\\edit.php')
 3 SYSTEMPATH\View\View.php(231): CodeIgniter\View\View->CodeIgniter\View\{closure}()
 4 SYSTEMPATH\Common.php(1178): CodeIgniter\View\View->render('books/edit', [], true)
 5 APPPATH\Controllers\Books.php(51): view('books/edit', [...])
 6 SYSTEMPATH\CodeIgniter.php(943): App\Controllers\Books->edit('highLightTitle.png')
 7 SYSTEMPATH\CodeIgniter.php(503): CodeIgniter\CodeIgniter->runController(Object(App\Controllers\Books))
 8 SYSTEMPATH\CodeIgniter.php(361): CodeIgniter\CodeIgniter->handleRequest(null, Object(Config\Cache), false)
 9 FCPATH\index.php(79): CodeIgniter\CodeIgniter->run()
10 SYSTEMPATH\Commands\Server\rewrite.php(47): require_once('C:\\Users\\LENOVO\\Pemweb-2.New\\project-root\\public\\index.php')
INFO - 2024-05-29 14:29:23 --> Session: Class initialized using 'CodeIgniter\Session\Handlers\FileHandler' driver.
INFO - 2024-05-29 14:29:24 --> Session: Class initialized using 'CodeIgniter\Session\Handlers\FileHandler' driver.
CRITICAL - 2024-05-29 14:29:24 --> ErrorException: Trying to access array offset on value of type null
in APPPATH\Views\books\edit.php on line 8.
 1 APPPATH\Views\books\edit.php(8): CodeIgniter\Debug\Exceptions->errorHandler(2, 'Trying to access array offset on value of type null', 'C:\\Users\\LENOVO\\Pemweb-2.New\\project-root\\app\\Views\\books\\edit.php', 8)
 2 SYSTEMPATH\View\View.php(228): include('C:\\Users\\LENOVO\\Pemweb-2.New\\project-root\\app\\Views\\books\\edit.php')
 3 SYSTEMPATH\View\View.php(231): CodeIgniter\View\View->CodeIgniter\View\{closure}()
 4 SYSTEMPATH\Common.php(1178): CodeIgniter\View\View->render('books/edit', [], true)
 5 APPPATH\Controllers\Books.php(51): view('books/edit', [...])
 6 SYSTEMPATH\CodeIgniter.php(943): App\Controllers\Books->edit('highLightTitle.png')
 7 SYSTEMPATH\CodeIgniter.php(503): CodeIgniter\CodeIgniter->runController(Object(App\Controllers\Books))
 8 SYSTEMPATH\CodeIgniter.php(361): CodeIgniter\CodeIgniter->handleRequest(null, Object(Config\Cache), false)
 9 FCPATH\index.php(79): CodeIgniter\CodeIgniter->run()
10 SYSTEMPATH\Commands\Server\rewrite.php(47): require_once('C:\\Users\\LENOVO\\Pemweb-2.New\\project-root\\public\\index.php')
INFO - 2024-05-29 14:29:38 --> Session: Class initialized using 'CodeIgniter\Session\Handlers\FileHandler' driver.
INFO - 2024-05-29 14:29:38 --> Session: Class initialized using 'CodeIgniter\Session\Handlers\FileHandler' driver.
INFO - 2024-05-29 14:29:40 --> Session: Class initialized using 'CodeIgniter\Session\Handlers\FileHandler' driver.
INFO - 2024-05-29 14:29:41 --> Session: Class initialized using 'CodeIgniter\Session\Handlers\FileHandler' driver.
INFO - 2024-05-29 14:29:42 --> Session: Class initialized using 'CodeIgniter\Session\Handlers\FileHandler' driver.
INFO - 2024-05-29 14:29:43 --> Session: Class initialized using 'CodeIgniter\Session\Handlers\FileHandler' driver.
CRITICAL - 2024-05-29 14:29:43 --> ErrorException: Trying to access array offset on value of type null
in APPPATH\Views\books\edit.php on line 8.
 1 APPPATH\Views\books\edit.php(8): CodeIgniter\Debug\Exceptions->errorHandler(2, 'Trying to access array offset on value of type null', 'C:\\Users\\LENOVO\\Pemweb-2.New\\project-root\\app\\Views\\books\\edit.php', 8)
 2 SYSTEMPATH\View\View.php(228): include('C:\\Users\\LENOVO\\Pemweb-2.New\\project-root\\app\\Views\\books\\edit.php')
 3 SYSTEMPATH\View\View.php(231): CodeIgniter\View\View->CodeIgniter\View\{closure}()
 4 SYSTEMPATH\Common.php(1178): CodeIgniter\View\View->render('books/edit', [], true)
 5 APPPATH\Controllers\Books.php(51): view('books/edit', [...])
 6 SYSTEMPATH\CodeIgniter.php(943): App\Controllers\Books->edit('highLightTitle.png')
 7 SYSTEMPATH\CodeIgniter.php(503): CodeIgniter\CodeIgniter->runController(Object(App\Controllers\Books))
 8 SYSTEMPATH\CodeIgniter.php(361): CodeIgniter\CodeIgniter->handleRequest(null, Object(Config\Cache), false)
 9 FCPATH\index.php(79): CodeIgniter\CodeIgniter->run()
10 SYSTEMPATH\Commands\Server\rewrite.php(47): require_once('C:\\Users\\LENOVO\\Pemweb-2.New\\project-root\\public\\index.php')
INFO - 2024-05-29 14:31:35 --> Session: Class initialized using 'CodeIgniter\Session\Handlers\FileHandler' driver.
INFO - 2024-05-29 14:31:36 --> Session: Class initialized using 'CodeIgniter\Session\Handlers\FileHandler' driver.
CRITICAL - 2024-05-29 14:31:36 --> ErrorException: Trying to access array offset on value of type null
in APPPATH\Views\books\edit.php on line 8.
 1 APPPATH\Views\books\edit.php(8): CodeIgniter\Debug\Exceptions->errorHandler(2, 'Trying to access array offset on value of type null', 'C:\\Users\\LENOVO\\Pemweb-2.New\\project-root\\app\\Views\\books\\edit.php', 8)
 2 SYSTEMPATH\View\View.php(228): include('C:\\Users\\LENOVO\\Pemweb-2.New\\project-root\\app\\Views\\books\\edit.php')
 3 SYSTEMPATH\View\View.php(231): CodeIgniter\View\View->CodeIgniter\View\{closure}()
 4 SYSTEMPATH\Common.php(1178): CodeIgniter\View\View->render('books/edit', [], true)
 5 APPPATH\Controllers\Books.php(51): view('books/edit', [...])
 6 SYSTEMPATH\CodeIgniter.php(943): App\Controllers\Books->edit('highLightTitle.png')
 7 SYSTEMPATH\CodeIgniter.php(503): CodeIgniter\CodeIgniter->runController(Object(App\Controllers\Books))
 8 SYSTEMPATH\CodeIgniter.php(361): CodeIgniter\CodeIgniter->handleRequest(null, Object(Config\Cache), false)
 9 FCPATH\index.php(79): CodeIgniter\CodeIgniter->run()
10 SYSTEMPATH\Commands\Server\rewrite.php(47): require_once('C:\\Users\\LENOVO\\Pemweb-2.New\\project-root\\public\\index.php')
INFO - 2024-05-29 15:10:28 --> Session: Class initialized using 'CodeIgniter\Session\Handlers\FileHandler' driver.
INFO - 2024-05-29 15:10:31 --> Session: Class initialized using 'CodeIgniter\Session\Handlers\FileHandler' driver.
CRITICAL - 2024-05-29 15:10:31 --> ErrorException: Trying to access array offset on value of type null
in APPPATH\Views\books\edit.php on line 8.
 1 APPPATH\Views\books\edit.php(8): CodeIgniter\Debug\Exceptions->errorHandler(2, 'Trying to access array offset on value of type null', 'C:\\Users\\LENOVO\\Pemweb-2.New\\project-root\\app\\Views\\books\\edit.php', 8)
 2 SYSTEMPATH\View\View.php(228): include('C:\\Users\\LENOVO\\Pemweb-2.New\\project-root\\app\\Views\\books\\edit.php')
 3 SYSTEMPATH\View\View.php(231): CodeIgniter\View\View->CodeIgniter\View\{closure}()
 4 SYSTEMPATH\Common.php(1178): CodeIgniter\View\View->render('books/edit', [], true)
 5 APPPATH\Controllers\Books.php(51): view('books/edit', [...])
 6 SYSTEMPATH\CodeIgniter.php(943): App\Controllers\Books->edit('highLightTitle.png')
 7 SYSTEMPATH\CodeIgniter.php(503): CodeIgniter\CodeIgniter->runController(Object(App\Controllers\Books))
 8 SYSTEMPATH\CodeIgniter.php(361): CodeIgniter\CodeIgniter->handleRequest(null, Object(Config\Cache), false)
 9 FCPATH\index.php(79): CodeIgniter\CodeIgniter->run()
10 SYSTEMPATH\Commands\Server\rewrite.php(47): require_once('C:\\Users\\LENOVO\\Pemweb-2.New\\project-root\\public\\index.php')
INFO - 2024-05-29 15:13:12 --> CSRF token verified.
INFO - 2024-05-29 15:13:12 --> Session: Class initialized using 'CodeIgniter\Session\Handlers\FileHandler' driver.
INFO - 2024-05-29 15:13:12 --> Session: Class initialized using 'CodeIgniter\Session\Handlers\FileHandler' driver.
INFO - 2024-05-29 15:13:27 --> Session: Class initialized using 'CodeIgniter\Session\Handlers\FileHandler' driver.
INFO - 2024-05-29 15:13:29 --> Session: Class initialized using 'CodeIgniter\Session\Handlers\FileHandler' driver.
INFO - 2024-05-29 15:14:16 --> Session: Class initialized using 'CodeIgniter\Session\Handlers\FileHandler' driver.
INFO - 2024-05-29 15:14:18 --> Session: Class initialized using 'CodeIgniter\Session\Handlers\FileHandler' driver.
INFO - 2024-05-29 15:14:54 --> CSRF token verified.
INFO - 2024-05-29 15:14:54 --> Session: Class initialized using 'CodeIgniter\Session\Handlers\FileHandler' driver.
INFO - 2024-05-29 15:14:55 --> Session: Class initialized using 'CodeIgniter\Session\Handlers\FileHandler' driver.
